-------------------------------------------------------------------------------
Test set: com.zai.weather.app.service.WeatherStackServiceTest
-------------------------------------------------------------------------------
Tests run: 1, Failures: 0, Errors: 1, Skipped: 0, Time elapsed: 0.783 s <<< FAILURE! -- in com.zai.weather.app.service.WeatherStackServiceTest
com.zai.weather.app.service.WeatherStackServiceTest.test -- Time elapsed: 0.756 s <<< ERROR!
java.lang.IllegalArgumentException: URI must not be null
	at org.springframework.util.Assert.notNull(Assert.java:181)
	at org.springframework.web.util.UriComponentsBuilder.fromUriString(UriComponentsBuilder.java:182)
	at com.zai.weather.app.service.WeatherStackService.getWeatherReport(WeatherStackService.java:40)
	at com.zai.weather.app.service.WeatherStackServiceTest.test(WeatherStackServiceTest.java:41)
	at java.base/java.lang.reflect.Method.invoke(Method.java:565)
	at java.base/java.util.ArrayList.forEach(ArrayList.java:1604)
	at java.base/java.util.ArrayList.forEach(ArrayList.java:1604)

